8/05/2014 9:43:03 AM	This log contains information about the import schema operation into project 'Configoro.Net.EnvironmentDatabase' on computer 'PKSDMW7D21902CX' by user 'steve.krizanovic'.
8/05/2014 9:43:03 AM	Import of database schema has started.
8/05/2014 9:43:07 AM	Gathering database options
8/05/2014 9:43:07 AM	Gathering users
8/05/2014 9:43:07 AM	Gathering roles
8/05/2014 9:43:07 AM	Gathering application roles
8/05/2014 9:43:07 AM	Gathering role memberships
8/05/2014 9:43:07 AM	Gathering filegroups
8/05/2014 9:43:07 AM	Gathering full-text catalogs
8/05/2014 9:43:07 AM	Gathering assemblies
8/05/2014 9:43:07 AM	Gathering certificates
8/05/2014 9:43:07 AM	Gathering asymmetric keys
8/05/2014 9:43:07 AM	Gathering symmetric keys
8/05/2014 9:43:07 AM	Gathering encrypted symmetric keys
8/05/2014 9:43:07 AM	Gathering schemas
8/05/2014 9:43:07 AM	Gathering XML schema collections
8/05/2014 9:43:07 AM	Gathering user-defined data types
8/05/2014 9:43:07 AM	Gathering user-defined types
8/05/2014 9:43:07 AM	Gathering table types
8/05/2014 9:43:07 AM	Gathering unique keys for table types
8/05/2014 9:43:07 AM	Gathering primary keys for table types
8/05/2014 9:43:07 AM	Gathering check constraints for table types
8/05/2014 9:43:07 AM	Gathering default constraints for table types
8/05/2014 9:43:08 AM	Gathering partition functions
8/05/2014 9:43:08 AM	Gathering partition schemes
8/05/2014 9:43:08 AM	Gathering functions
8/05/2014 9:43:08 AM	Gathering encrypted functions
8/05/2014 9:43:08 AM	Gathering aggregates
8/05/2014 9:43:08 AM	Gathering procedures
8/05/2014 9:43:08 AM	Gathering encrypted procedures
8/05/2014 9:43:08 AM	Gathering tables
8/05/2014 9:43:08 AM	Gathering primary keys
8/05/2014 9:43:08 AM	Gathering unique constraints
8/05/2014 9:43:08 AM	Gathering foreign keys
8/05/2014 9:43:08 AM	Gathering default constraints
8/05/2014 9:43:08 AM	Gathering check constraints
8/05/2014 9:43:08 AM	Gathering views
8/05/2014 9:43:08 AM	Gathering encrypted views
8/05/2014 9:43:08 AM	Gathering indexes
8/05/2014 9:43:08 AM	Gathering statistics
8/05/2014 9:43:08 AM	Gathering full-text index stoplists
8/05/2014 9:43:08 AM	Gathering search property lists
8/05/2014 9:43:08 AM	Gathering search properties
8/05/2014 9:43:08 AM	Gathering full-text indexes
8/05/2014 9:43:08 AM	Gathering column store indexes
8/05/2014 9:43:08 AM	Gathering spatial indexes
8/05/2014 9:43:08 AM	Gathering XML indexes
8/05/2014 9:43:08 AM	Gathering encrypted triggers
8/05/2014 9:43:08 AM	Gathering triggers
8/05/2014 9:43:08 AM	Gathering encrypted and clr ddl triggers
8/05/2014 9:43:08 AM	Gathering ddl triggers
8/05/2014 9:43:08 AM	Gathering synonyms
8/05/2014 9:43:08 AM	Gathering defaults
8/05/2014 9:43:08 AM	Gathering data constraint uddt bindings
8/05/2014 9:43:08 AM	Gathering rules
8/05/2014 9:43:08 AM	Gathering data constraint uddt bindings
8/05/2014 9:43:08 AM	Gathering message types
8/05/2014 9:43:08 AM	Gathering queues
8/05/2014 9:43:08 AM	Gathering contracts
8/05/2014 9:43:08 AM	Gathering services
8/05/2014 9:43:08 AM	Gathering event notifications
8/05/2014 9:43:08 AM	Gathering remote service bindings
8/05/2014 9:43:08 AM	Gathering broker priorities
8/05/2014 9:43:08 AM	Gathering signatures
8/05/2014 9:43:08 AM	Gathering data compression options
8/05/2014 9:43:08 AM	Gathering sequence types
8/05/2014 9:43:08 AM	Gathering extended properties
8/05/2014 9:43:08 AM	Gathering credentials
8/05/2014 9:43:08 AM	Gathering logins
8/05/2014 9:43:08 AM	Gathering server audits
8/05/2014 9:43:08 AM	Scanning project for duplicate elements
8/05/2014 9:43:08 AM	Finished duplicate element processing
8/05/2014 9:43:09 AM	Finished importing database.
8/05/2014 9:43:09 AM	A summary of the import was saved to the following location: C:\temp\configoro.net\Database\Configoro.Net.EnvironmentDatabase\Import Schema Logs\Configoro.Net.Enviro_20140507114303.log
8/05/2014 9:43:09 AM	Click Finish to continue...
